<?xml version="1.0" encoding="UTF-8"?>
<!-- Generated by org.testng.reporters.JUnitXMLReporter -->
<testsuite ignored="6" hostname="DESKTOP-VMIQRCP" failures="0" tests="6" name="Test" time="0.15" errors="0" timestamp="2023-01-19T13:39:01 IST">
  <testcase classname="TestNGStudy.TestNGgroup" name="tc1" time="0.013"/>
  <testcase classname="TestNGStudy.TestNGgroup" name="tc3" time="0.004"/>
  <testcase classname="TestNGStudy.TestNGgroup" name="tc5" time="0.004"/>
  <testcase classname="TestNGStudy.TestNGgroup1" name="a" time="0.002"/>
  <testcase classname="TestNGStudy.TestNGgroup1" name="c" time="0.003"/>
  <testcase classname="TestNGStudy.TestNGgroup1" name="e" time="0.008"/>
  <testcase classname="TestNGStudy.TestNGgroup1" name="f" time="0.0">
    <ignored/>
  </testcase> <!-- f -->
  <testcase classname="TestNGStudy.TestNGgroup" name="tc2" time="0.0">
    <ignored/>
  </testcase> <!-- tc2 -->
  <testcase classname="TestNGStudy.TestNGgroup1" name="d" time="0.0">
    <ignored/>
  </testcase> <!-- d -->
  <testcase classname="TestNGStudy.TestNGgroup" name="tc4" time="0.0">
    <ignored/>
  </testcase> <!-- tc4 -->
  <testcase classname="TestNGStudy.TestNGgroup1" name="b" time="0.0">
    <ignored/>
  </testcase> <!-- b -->
  <testcase classname="TestNGStudy.TestNGgroup" name="tc6" time="0.0">
    <ignored/>
  </testcase> <!-- tc6 -->
</testsuite> <!-- Test -->
